Start testing: Jun 03 15:08 IST
----------------------------------------------------------
1/2 Testing: test_howto
1/2 Test: test_howto
Command: "/bin/sh" "/home/akanksha/test/gr-howto/build/lib/test_howto_test.sh"
Directory: /home/akanksha/test/gr-howto/build/lib
"test_howto" start time: Jun 03 15:08 IST
Output:
----------------------------------------------------------


<end of output>
Test time =   0.01 sec
----------------------------------------------------------
Test Passed.
"test_howto" end time: Jun 03 15:08 IST
"test_howto" time elapsed: 00:00:00
----------------------------------------------------------

2/2 Testing: qa_square_ff
2/2 Test: qa_square_ff
Command: "/bin/sh" "/home/akanksha/test/gr-howto/build/python/qa_square_ff_test.sh"
Directory: /home/akanksha/test/gr-howto/build/python
"qa_square_ff" start time: Jun 03 15:08 IST
Output:
----------------------------------------------------------
>>> GRAS: The debug asserts are enabled. <<<
Created default thread pool with 4 threads.
Created default thread pool with 4 threads.
.
----------------------------------------------------------------------
Ran 1 test in 0.201s

OK
<end of output>
Test time =   0.63 sec
----------------------------------------------------------
Test Passed.
"qa_square_ff" end time: Jun 03 15:08 IST
"qa_square_ff" time elapsed: 00:00:00
----------------------------------------------------------

End testing: Jun 03 15:08 IST
